<?xml version="1.0" encoding="UTF-8"?>
<!-- Generated by org.testng.reporters.JUnitXMLReporter -->
<testsuite ignored="0" hostname="ROSHAN_PC" failures="0" tests="5" name="Test(failed)(failed)" time="0.657" errors="0" timestamp="2025-02-15T14:21:10 IST">
  <testcase classname="testbase.TestBaseCommon" name="@BeforeClass setup" time="-1.739609470282E9">
    <failure type="org.testng.TestNGException" message="
Parameter &amp;apos;os&amp;apos; is required by BeforeClass on method setup but has not been marked @Optional or defined
in E:\Eclipse Project\Luma\test-output\testng-failed.xml">
      <![CDATA[org.testng.TestNGException: 
Parameter 'os' is required by BeforeClass on method setup but has not been marked @Optional or defined
in E:\Eclipse Project\Luma\test-output\testng-failed.xml
at java.base/java.util.ArrayList.forEach(ArrayList.java:1511)
... Removed 22 stack frames]]>
    </failure>
  </testcase> <!-- @BeforeClass setup -->
  <testcase classname="testbase.TestBaseCommon" name="@AfterClass tearDown" time="0.0">
    <skipped/>
  </testcase> <!-- @AfterClass tearDown -->
  <testcase classname="testcase.TC002_SignINTestDDT" name="login" time="0.0">
    <skipped/>
  </testcase> <!-- login -->
  <testcase classname="testcase.TC002_SignINTestDDT" name="login" time="0.0">
    <skipped/>
  </testcase> <!-- login -->
  <testcase classname="testcase.TC002_SignINTestDDT" name="login" time="0.0">
    <skipped/>
  </testcase> <!-- login -->
  <testcase classname="testcase.TC002_SignINTestDDT" name="login" time="0.0">
    <skipped/>
  </testcase> <!-- login -->
  <testcase classname="testcase.TC002_SignINTestDDT" name="login" time="0.0">
    <skipped/>
  </testcase> <!-- login -->
</testsuite> <!-- Test(failed)(failed) -->
